Copyright 1986-2018 Xilinx, Inc. All Rights Reserved.
-----------------------------------------------------------------------------------------------------------------------------------------------------------------------------------------------------------------
| Tool Version : Vivado v.2018.2 (win64) Build 2258646 Thu Jun 14 20:03:12 MDT 2018
| Date         : Thu Jul 28 12:20:11 2022
| Host         : LAPTOP-I2D93MV6 running 64-bit major release  (build 9200)
| Command      : report_timing_summary -max_paths 10 -file Nano_Processor_timing_summary_routed.rpt -pb Nano_Processor_timing_summary_routed.pb -rpx Nano_Processor_timing_summary_routed.rpx -warn_on_violation
| Design       : Nano_Processor
| Device       : 7a35t-cpg236
| Speed File   : -1  PRODUCTION 1.22 2018-03-21
-----------------------------------------------------------------------------------------------------------------------------------------------------------------------------------------------------------------

Timing Summary Report

------------------------------------------------------------------------------------------------
| Timer Settings
| --------------
------------------------------------------------------------------------------------------------

  Enable Multi Corner Analysis               :  Yes
  Enable Pessimism Removal                   :  Yes
  Pessimism Removal Resolution               :  Nearest Common Node
  Enable Input Delay Default Clock           :  No
  Enable Preset / Clear Arcs                 :  No
  Disable Flight Delays                      :  No
  Ignore I/O Paths                           :  No
  Timing Early Launch at Borrowing Latches   :  false

  Corner  Analyze    Analyze    
  Name    Max Paths  Min Paths  
  ------  ---------  ---------  
  Slow    Yes        Yes        
  Fast    Yes        Yes        



check_timing report

Table of Contents
-----------------
1. checking no_clock
2. checking constant_clock
3. checking pulse_width_clock
4. checking unconstrained_internal_endpoints
5. checking no_input_delay
6. checking no_output_delay
7. checking multiple_clock
8. checking generated_clocks
9. checking loops
10. checking partial_input_delay
11. checking partial_output_delay
12. checking latch_loops

1. checking no_clock
--------------------
 There are 15 register/latch pins with no clock driven by root clock pin: Slow_Clock_0/clk_out_reg/Q (HIGH)


2. checking constant_clock
--------------------------
 There are 0 register/latch pins with constant_clock.


3. checking pulse_width_clock
-----------------------------
 There are 0 register/latch pins which need pulse_width check


4. checking unconstrained_internal_endpoints
--------------------------------------------
 There are 39 pins that are not constrained for maximum delay. (HIGH)

 There are 0 pins that are not constrained for maximum delay due to constant clock.


5. checking no_input_delay
--------------------------
 There is 1 input port with no input delay specified. (HIGH)

 There are 0 input ports with no input delay but user has a false path constraint.


6. checking no_output_delay
---------------------------
 There are 13 ports with no output delay specified. (HIGH)

 There are 0 ports with no output delay but user has a false path constraint

 There are 0 ports with no output delay but with a timing clock defined on it or propagating through it


7. checking multiple_clock
--------------------------
 There are 0 register/latch pins with multiple clocks.


8. checking generated_clocks
----------------------------
 There are 0 generated clocks that are not connected to a clock source.


9. checking loops
-----------------
 There are 0 combinational loops in the design.


10. checking partial_input_delay
--------------------------------
 There are 0 input ports with partial input delay specified.


11. checking partial_output_delay
---------------------------------
 There are 0 ports with partial output delay specified.


12. checking latch_loops
------------------------
 There are 0 combinational latch loops in the design through latch input



------------------------------------------------------------------------------------------------
| Design Timing Summary
| ---------------------
------------------------------------------------------------------------------------------------

    WNS(ns)      TNS(ns)  TNS Failing Endpoints  TNS Total Endpoints      WHS(ns)      THS(ns)  THS Failing Endpoints  THS Total Endpoints     WPWS(ns)     TPWS(ns)  TPWS Failing Endpoints  TPWS Total Endpoints  
    -------      -------  ---------------------  -------------------      -------      -------  ---------------------  -------------------     --------     --------  ----------------------  --------------------  
      4.790        0.000                      0                   65        0.265        0.000                      0                   65        4.500        0.000                       0                    35  


All user specified timing constraints are met.


------------------------------------------------------------------------------------------------
| Clock Summary
| -------------
------------------------------------------------------------------------------------------------

Clock        Waveform(ns)       Period(ns)      Frequency(MHz)
-----        ------------       ----------      --------------
sys_clk_pin  {0.000 5.000}      10.000          100.000         


------------------------------------------------------------------------------------------------
| Intra Clock Table
| -----------------
------------------------------------------------------------------------------------------------

Clock             WNS(ns)      TNS(ns)  TNS Failing Endpoints  TNS Total Endpoints      WHS(ns)      THS(ns)  THS Failing Endpoints  THS Total Endpoints     WPWS(ns)     TPWS(ns)  TPWS Failing Endpoints  TPWS Total Endpoints  
-----             -------      -------  ---------------------  -------------------      -------      -------  ---------------------  -------------------     --------     --------  ----------------------  --------------------  
sys_clk_pin         4.790        0.000                      0                   65        0.265        0.000                      0                   65        4.500        0.000                       0                    35  


------------------------------------------------------------------------------------------------
| Inter Clock Table
| -----------------
------------------------------------------------------------------------------------------------

From Clock    To Clock          WNS(ns)      TNS(ns)  TNS Failing Endpoints  TNS Total Endpoints      WHS(ns)      THS(ns)  THS Failing Endpoints  THS Total Endpoints  
----------    --------          -------      -------  ---------------------  -------------------      -------      -------  ---------------------  -------------------  


------------------------------------------------------------------------------------------------
| Other Path Groups Table
| -----------------------
------------------------------------------------------------------------------------------------

Path Group    From Clock    To Clock          WNS(ns)      TNS(ns)  TNS Failing Endpoints  TNS Total Endpoints      WHS(ns)      THS(ns)  THS Failing Endpoints  THS Total Endpoints  
----------    ----------    --------          -------      -------  ---------------------  -------------------      -------      -------  ---------------------  -------------------  


------------------------------------------------------------------------------------------------
| Timing Details
| --------------
------------------------------------------------------------------------------------------------


---------------------------------------------------------------------------------------------------
From Clock:  sys_clk_pin
  To Clock:  sys_clk_pin

Setup :            0  Failing Endpoints,  Worst Slack        4.790ns,  Total Violation        0.000ns
Hold  :            0  Failing Endpoints,  Worst Slack        0.265ns,  Total Violation        0.000ns
PW    :            0  Failing Endpoints,  Worst Slack        4.500ns,  Total Violation        0.000ns
---------------------------------------------------------------------------------------------------


Max Delay Paths
--------------------------------------------------------------------------------------
Slack (MET) :             4.790ns  (required time - arrival time)
  Source:                 Slow_Clock_0/count_reg[4]/C
                            (rising edge-triggered cell FDRE clocked by sys_clk_pin  {rise@0.000ns fall@5.000ns period=10.000ns})
  Destination:            Slow_Clock_0/count_reg[29]/R
                            (rising edge-triggered cell FDRE clocked by sys_clk_pin  {rise@0.000ns fall@5.000ns period=10.000ns})
  Path Group:             sys_clk_pin
  Path Type:              Setup (Max at Slow Process Corner)
  Requirement:            10.000ns  (sys_clk_pin rise@10.000ns - sys_clk_pin rise@0.000ns)
  Data Path Delay:        4.618ns  (logic 1.120ns (24.252%)  route 3.498ns (75.748%))
  Logic Levels:           3  (LUT4=2 LUT5=1)
  Clock Path Skew:        -0.033ns (DCD - SCD + CPR)
    Destination Clock Delay (DCD):    4.776ns = ( 14.776 - 10.000 ) 
    Source Clock Delay      (SCD):    5.083ns
    Clock Pessimism Removal (CPR):    0.274ns
  Clock Uncertainty:      0.035ns  ((TSJ^2 + TIJ^2)^1/2 + DJ) / 2 + PE
    Total System Jitter     (TSJ):    0.071ns
    Total Input Jitter      (TIJ):    0.000ns
    Discrete Jitter          (DJ):    0.000ns
    Phase Error              (PE):    0.000ns

    Location             Delay type                Incr(ns)  Path(ns)    Netlist Resource(s)
  -------------------------------------------------------------------    -------------------
                         (clock sys_clk_pin rise edge)
                                                      0.000     0.000 r  
    W5                                                0.000     0.000 r  Clk_in (IN)
                         net (fo=0)                   0.000     0.000    Clk_in
    W5                   IBUF (Prop_ibuf_I_O)         1.458     1.458 r  Clk_in_IBUF_inst/O
                         net (fo=1, routed)           1.967     3.425    Clk_in_IBUF
    BUFGCTRL_X0Y0        BUFG (Prop_bufg_I_O)         0.096     3.521 r  Clk_in_IBUF_BUFG_inst/O
                         net (fo=34, routed)          1.562     5.083    Slow_Clock_0/Clk_in_IBUF_BUFG
    SLICE_X52Y17         FDRE                                         r  Slow_Clock_0/count_reg[4]/C
  -------------------------------------------------------------------    -------------------
    SLICE_X52Y17         FDRE (Prop_fdre_C_Q)         0.518     5.601 f  Slow_Clock_0/count_reg[4]/Q
                         net (fo=2, routed)           0.809     6.411    Slow_Clock_0/count[4]
    SLICE_X53Y18         LUT4 (Prop_lut4_I1_O)        0.124     6.535 f  Slow_Clock_0/count[31]_i_7/O
                         net (fo=1, routed)           0.797     7.332    Slow_Clock_0/count[31]_i_7_n_0
    SLICE_X53Y17         LUT5 (Prop_lut5_I4_O)        0.152     7.484 f  Slow_Clock_0/count[31]_i_3/O
                         net (fo=3, routed)           0.957     8.441    Slow_Clock_0/count[31]_i_3_n_0
    SLICE_X53Y21         LUT4 (Prop_lut4_I1_O)        0.326     8.767 r  Slow_Clock_0/count[31]_i_1/O
                         net (fo=31, routed)          0.934     9.701    Slow_Clock_0/count[31]_i_1_n_0
    SLICE_X52Y24         FDRE                                         r  Slow_Clock_0/count_reg[29]/R
  -------------------------------------------------------------------    -------------------

                         (clock sys_clk_pin rise edge)
                                                     10.000    10.000 r  
    W5                                                0.000    10.000 r  Clk_in (IN)
                         net (fo=0)                   0.000    10.000    Clk_in
    W5                   IBUF (Prop_ibuf_I_O)         1.388    11.388 r  Clk_in_IBUF_inst/O
                         net (fo=1, routed)           1.862    13.250    Clk_in_IBUF
    BUFGCTRL_X0Y0        BUFG (Prop_bufg_I_O)         0.091    13.341 r  Clk_in_IBUF_BUFG_inst/O
                         net (fo=34, routed)          1.435    14.776    Slow_Clock_0/Clk_in_IBUF_BUFG
    SLICE_X52Y24         FDRE                                         r  Slow_Clock_0/count_reg[29]/C
                         clock pessimism              0.274    15.050    
                         clock uncertainty           -0.035    15.015    
    SLICE_X52Y24         FDRE (Setup_fdre_C_R)       -0.524    14.491    Slow_Clock_0/count_reg[29]
  -------------------------------------------------------------------
                         required time                         14.491    
                         arrival time                          -9.701    
  -------------------------------------------------------------------
                         slack                                  4.790    

Slack (MET) :             4.790ns  (required time - arrival time)
  Source:                 Slow_Clock_0/count_reg[4]/C
                            (rising edge-triggered cell FDRE clocked by sys_clk_pin  {rise@0.000ns fall@5.000ns period=10.000ns})
  Destination:            Slow_Clock_0/count_reg[30]/R
                            (rising edge-triggered cell FDRE clocked by sys_clk_pin  {rise@0.000ns fall@5.000ns period=10.000ns})
  Path Group:             sys_clk_pin
  Path Type:              Setup (Max at Slow Process Corner)
  Requirement:            10.000ns  (sys_clk_pin rise@10.000ns - sys_clk_pin rise@0.000ns)
  Data Path Delay:        4.618ns  (logic 1.120ns (24.252%)  route 3.498ns (75.748%))
  Logic Levels:           3  (LUT4=2 LUT5=1)
  Clock Path Skew:        -0.033ns (DCD - SCD + CPR)
    Destination Clock Delay (DCD):    4.776ns = ( 14.776 - 10.000 ) 
    Source Clock Delay      (SCD):    5.083ns
    Clock Pessimism Removal (CPR):    0.274ns
  Clock Uncertainty:      0.035ns  ((TSJ^2 + TIJ^2)^1/2 + DJ) / 2 + PE
    Total System Jitter     (TSJ):    0.071ns
    Total Input Jitter      (TIJ):    0.000ns
    Discrete Jitter          (DJ):    0.000ns
    Phase Error              (PE):    0.000ns

    Location             Delay type                Incr(ns)  Path(ns)    Netlist Resource(s)
  -------------------------------------------------------------------    -------------------
                         (clock sys_clk_pin rise edge)
                                                      0.000     0.000 r  
    W5                                                0.000     0.000 r  Clk_in (IN)
                         net (fo=0)                   0.000     0.000    Clk_in
    W5                   IBUF (Prop_ibuf_I_O)         1.458     1.458 r  Clk_in_IBUF_inst/O
                         net (fo=1, routed)           1.967     3.425    Clk_in_IBUF
    BUFGCTRL_X0Y0        BUFG (Prop_bufg_I_O)         0.096     3.521 r  Clk_in_IBUF_BUFG_inst/O
                         net (fo=34, routed)          1.562     5.083    Slow_Clock_0/Clk_in_IBUF_BUFG
    SLICE_X52Y17         FDRE                                         r  Slow_Clock_0/count_reg[4]/C
  -------------------------------------------------------------------    -------------------
    SLICE_X52Y17         FDRE (Prop_fdre_C_Q)         0.518     5.601 f  Slow_Clock_0/count_reg[4]/Q
                         net (fo=2, routed)           0.809     6.411    Slow_Clock_0/count[4]
    SLICE_X53Y18         LUT4 (Prop_lut4_I1_O)        0.124     6.535 f  Slow_Clock_0/count[31]_i_7/O
                         net (fo=1, routed)           0.797     7.332    Slow_Clock_0/count[31]_i_7_n_0
    SLICE_X53Y17         LUT5 (Prop_lut5_I4_O)        0.152     7.484 f  Slow_Clock_0/count[31]_i_3/O
                         net (fo=3, routed)           0.957     8.441    Slow_Clock_0/count[31]_i_3_n_0
    SLICE_X53Y21         LUT4 (Prop_lut4_I1_O)        0.326     8.767 r  Slow_Clock_0/count[31]_i_1/O
                         net (fo=31, routed)          0.934     9.701    Slow_Clock_0/count[31]_i_1_n_0
    SLICE_X52Y24         FDRE                                         r  Slow_Clock_0/count_reg[30]/R
  -------------------------------------------------------------------    -------------------

                         (clock sys_clk_pin rise edge)
                                                     10.000    10.000 r  
    W5                                                0.000    10.000 r  Clk_in (IN)
                         net (fo=0)                   0.000    10.000    Clk_in
    W5                   IBUF (Prop_ibuf_I_O)         1.388    11.388 r  Clk_in_IBUF_inst/O
                         net (fo=1, routed)           1.862    13.250    Clk_in_IBUF
    BUFGCTRL_X0Y0        BUFG (Prop_bufg_I_O)         0.091    13.341 r  Clk_in_IBUF_BUFG_inst/O
                         net (fo=34, routed)          1.435    14.776    Slow_Clock_0/Clk_in_IBUF_BUFG
    SLICE_X52Y24         FDRE                                         r  Slow_Clock_0/count_reg[30]/C
                         clock pessimism              0.274    15.050    
                         clock uncertainty           -0.035    15.015    
    SLICE_X52Y24         FDRE (Setup_fdre_C_R)       -0.524    14.491    Slow_Clock_0/count_reg[30]
  -------------------------------------------------------------------
                         required time                         14.491    
                         arrival time                          -9.701    
  -------------------------------------------------------------------
                         slack                                  4.790    

Slack (MET) :             4.790ns  (required time - arrival time)
  Source:                 Slow_Clock_0/count_reg[4]/C
                            (rising edge-triggered cell FDRE clocked by sys_clk_pin  {rise@0.000ns fall@5.000ns period=10.000ns})
  Destination:            Slow_Clock_0/count_reg[31]/R
                            (rising edge-triggered cell FDRE clocked by sys_clk_pin  {rise@0.000ns fall@5.000ns period=10.000ns})
  Path Group:             sys_clk_pin
  Path Type:              Setup (Max at Slow Process Corner)
  Requirement:            10.000ns  (sys_clk_pin rise@10.000ns - sys_clk_pin rise@0.000ns)
  Data Path Delay:        4.618ns  (logic 1.120ns (24.252%)  route 3.498ns (75.748%))
  Logic Levels:           3  (LUT4=2 LUT5=1)
  Clock Path Skew:        -0.033ns (DCD - SCD + CPR)
    Destination Clock Delay (DCD):    4.776ns = ( 14.776 - 10.000 ) 
    Source Clock Delay      (SCD):    5.083ns
    Clock Pessimism Removal (CPR):    0.274ns
  Clock Uncertainty:      0.035ns  ((TSJ^2 + TIJ^2)^1/2 + DJ) / 2 + PE
    Total System Jitter     (TSJ):    0.071ns
    Total Input Jitter      (TIJ):    0.000ns
    Discrete Jitter          (DJ):    0.000ns
    Phase Error              (PE):    0.000ns

    Location             Delay type                Incr(ns)  Path(ns)    Netlist Resource(s)
  -------------------------------------------------------------------    -------------------
                         (clock sys_clk_pin rise edge)
                                                      0.000     0.000 r  
    W5                                                0.000     0.000 r  Clk_in (IN)
                         net (fo=0)                   0.000     0.000    Clk_in
    W5                   IBUF (Prop_ibuf_I_O)         1.458     1.458 r  Clk_in_IBUF_inst/O
                         net (fo=1, routed)           1.967     3.425    Clk_in_IBUF
    BUFGCTRL_X0Y0        BUFG (Prop_bufg_I_O)         0.096     3.521 r  Clk_in_IBUF_BUFG_inst/O
                         net (fo=34, routed)          1.562     5.083    Slow_Clock_0/Clk_in_IBUF_BUFG
    SLICE_X52Y17         FDRE                                         r  Slow_Clock_0/count_reg[4]/C
  -------------------------------------------------------------------    -------------------
    SLICE_X52Y17         FDRE (Prop_fdre_C_Q)         0.518     5.601 f  Slow_Clock_0/count_reg[4]/Q
                         net (fo=2, routed)           0.809     6.411    Slow_Clock_0/count[4]
    SLICE_X53Y18         LUT4 (Prop_lut4_I1_O)        0.124     6.535 f  Slow_Clock_0/count[31]_i_7/O
                         net (fo=1, routed)           0.797     7.332    Slow_Clock_0/count[31]_i_7_n_0
    SLICE_X53Y17         LUT5 (Prop_lut5_I4_O)        0.152     7.484 f  Slow_Clock_0/count[31]_i_3/O
                         net (fo=3, routed)           0.957     8.441    Slow_Clock_0/count[31]_i_3_n_0
    SLICE_X53Y21         LUT4 (Prop_lut4_I1_O)        0.326     8.767 r  Slow_Clock_0/count[31]_i_1/O
                         net (fo=31, routed)          0.934     9.701    Slow_Clock_0/count[31]_i_1_n_0
    SLICE_X52Y24         FDRE                                         r  Slow_Clock_0/count_reg[31]/R
  -------------------------------------------------------------------    -------------------

                         (clock sys_clk_pin rise edge)
                                                     10.000    10.000 r  
    W5                                                0.000    10.000 r  Clk_in (IN)
                         net (fo=0)                   0.000    10.000    Clk_in
    W5                   IBUF (Prop_ibuf_I_O)         1.388    11.388 r  Clk_in_IBUF_inst/O
                         net (fo=1, routed)           1.862    13.250    Clk_in_IBUF
    BUFGCTRL_X0Y0        BUFG (Prop_bufg_I_O)         0.091    13.341 r  Clk_in_IBUF_BUFG_inst/O
                         net (fo=34, routed)          1.435    14.776    Slow_Clock_0/Clk_in_IBUF_BUFG
    SLICE_X52Y24         FDRE                                         r  Slow_Clock_0/count_reg[31]/C
                         clock pessimism              0.274    15.050    
                         clock uncertainty           -0.035    15.015    
    SLICE_X52Y24         FDRE (Setup_fdre_C_R)       -0.524    14.491    Slow_Clock_0/count_reg[31]
  -------------------------------------------------------------------
                         required time                         14.491    
                         arrival time                          -9.701    
  -------------------------------------------------------------------
                         slack                                  4.790    

Slack (MET) :             4.812ns  (required time - arrival time)
  Source:                 Slow_Clock_0/count_reg[4]/C
                            (rising edge-triggered cell FDRE clocked by sys_clk_pin  {rise@0.000ns fall@5.000ns period=10.000ns})
  Destination:            Slow_Clock_0/count_reg[5]/R
                            (rising edge-triggered cell FDRE clocked by sys_clk_pin  {rise@0.000ns fall@5.000ns period=10.000ns})
  Path Group:             sys_clk_pin
  Path Type:              Setup (Max at Slow Process Corner)
  Requirement:            10.000ns  (sys_clk_pin rise@10.000ns - sys_clk_pin rise@0.000ns)
  Data Path Delay:        4.602ns  (logic 1.120ns (24.336%)  route 3.482ns (75.664%))
  Logic Levels:           3  (LUT4=2 LUT5=1)
  Clock Path Skew:        -0.026ns (DCD - SCD + CPR)
    Destination Clock Delay (DCD):    4.783ns = ( 14.783 - 10.000 ) 
    Source Clock Delay      (SCD):    5.083ns
    Clock Pessimism Removal (CPR):    0.274ns
  Clock Uncertainty:      0.035ns  ((TSJ^2 + TIJ^2)^1/2 + DJ) / 2 + PE
    Total System Jitter     (TSJ):    0.071ns
    Total Input Jitter      (TIJ):    0.000ns
    Discrete Jitter          (DJ):    0.000ns
    Phase Error              (PE):    0.000ns

    Location             Delay type                Incr(ns)  Path(ns)    Netlist Resource(s)
  -------------------------------------------------------------------    -------------------
                         (clock sys_clk_pin rise edge)
                                                      0.000     0.000 r  
    W5                                                0.000     0.000 r  Clk_in (IN)
                         net (fo=0)                   0.000     0.000    Clk_in
    W5                   IBUF (Prop_ibuf_I_O)         1.458     1.458 r  Clk_in_IBUF_inst/O
                         net (fo=1, routed)           1.967     3.425    Clk_in_IBUF
    BUFGCTRL_X0Y0        BUFG (Prop_bufg_I_O)         0.096     3.521 r  Clk_in_IBUF_BUFG_inst/O
                         net (fo=34, routed)          1.562     5.083    Slow_Clock_0/Clk_in_IBUF_BUFG
    SLICE_X52Y17         FDRE                                         r  Slow_Clock_0/count_reg[4]/C
  -------------------------------------------------------------------    -------------------
    SLICE_X52Y17         FDRE (Prop_fdre_C_Q)         0.518     5.601 f  Slow_Clock_0/count_reg[4]/Q
                         net (fo=2, routed)           0.809     6.411    Slow_Clock_0/count[4]
    SLICE_X53Y18         LUT4 (Prop_lut4_I1_O)        0.124     6.535 f  Slow_Clock_0/count[31]_i_7/O
                         net (fo=1, routed)           0.797     7.332    Slow_Clock_0/count[31]_i_7_n_0
    SLICE_X53Y17         LUT5 (Prop_lut5_I4_O)        0.152     7.484 f  Slow_Clock_0/count[31]_i_3/O
                         net (fo=3, routed)           0.957     8.441    Slow_Clock_0/count[31]_i_3_n_0
    SLICE_X53Y21         LUT4 (Prop_lut4_I1_O)        0.326     8.767 r  Slow_Clock_0/count[31]_i_1/O
                         net (fo=31, routed)          0.918     9.685    Slow_Clock_0/count[31]_i_1_n_0
    SLICE_X52Y18         FDRE                                         r  Slow_Clock_0/count_reg[5]/R
  -------------------------------------------------------------------    -------------------

                         (clock sys_clk_pin rise edge)
                                                     10.000    10.000 r  
    W5                                                0.000    10.000 r  Clk_in (IN)
                         net (fo=0)                   0.000    10.000    Clk_in
    W5                   IBUF (Prop_ibuf_I_O)         1.388    11.388 r  Clk_in_IBUF_inst/O
                         net (fo=1, routed)           1.862    13.250    Clk_in_IBUF
    BUFGCTRL_X0Y0        BUFG (Prop_bufg_I_O)         0.091    13.341 r  Clk_in_IBUF_BUFG_inst/O
                         net (fo=34, routed)          1.442    14.783    Slow_Clock_0/Clk_in_IBUF_BUFG
    SLICE_X52Y18         FDRE                                         r  Slow_Clock_0/count_reg[5]/C
                         clock pessimism              0.274    15.057    
                         clock uncertainty           -0.035    15.022    
    SLICE_X52Y18         FDRE (Setup_fdre_C_R)       -0.524    14.498    Slow_Clock_0/count_reg[5]
  -------------------------------------------------------------------
                         required time                         14.498    
                         arrival time                          -9.685    
  -------------------------------------------------------------------
                         slack                                  4.812    

Slack (MET) :             4.812ns  (required time - arrival time)
  Source:                 Slow_Clock_0/count_reg[4]/C
                            (rising edge-triggered cell FDRE clocked by sys_clk_pin  {rise@0.000ns fall@5.000ns period=10.000ns})
  Destination:            Slow_Clock_0/count_reg[6]/R
                            (rising edge-triggered cell FDRE clocked by sys_clk_pin  {rise@0.000ns fall@5.000ns period=10.000ns})
  Path Group:             sys_clk_pin
  Path Type:              Setup (Max at Slow Process Corner)
  Requirement:            10.000ns  (sys_clk_pin rise@10.000ns - sys_clk_pin rise@0.000ns)
  Data Path Delay:        4.602ns  (logic 1.120ns (24.336%)  route 3.482ns (75.664%))
  Logic Levels:           3  (LUT4=2 LUT5=1)
  Clock Path Skew:        -0.026ns (DCD - SCD + CPR)
    Destination Clock Delay (DCD):    4.783ns = ( 14.783 - 10.000 ) 
    Source Clock Delay      (SCD):    5.083ns
    Clock Pessimism Removal (CPR):    0.274ns
  Clock Uncertainty:      0.035ns  ((TSJ^2 + TIJ^2)^1/2 + DJ) / 2 + PE
    Total System Jitter     (TSJ):    0.071ns
    Total Input Jitter      (TIJ):    0.000ns
    Discrete Jitter          (DJ):    0.000ns
    Phase Error              (PE):    0.000ns

    Location             Delay type                Incr(ns)  Path(ns)    Netlist Resource(s)
  -------------------------------------------------------------------    -------------------
                         (clock sys_clk_pin rise edge)
                                                      0.000     0.000 r  
    W5                                                0.000     0.000 r  Clk_in (IN)
                         net (fo=0)                   0.000     0.000    Clk_in
    W5                   IBUF (Prop_ibuf_I_O)         1.458     1.458 r  Clk_in_IBUF_inst/O
                         net (fo=1, routed)           1.967     3.425    Clk_in_IBUF
    BUFGCTRL_X0Y0        BUFG (Prop_bufg_I_O)         0.096     3.521 r  Clk_in_IBUF_BUFG_inst/O
                         net (fo=34, routed)          1.562     5.083    Slow_Clock_0/Clk_in_IBUF_BUFG
    SLICE_X52Y17         FDRE                                         r  Slow_Clock_0/count_reg[4]/C
  -------------------------------------------------------------------    -------------------
    SLICE_X52Y17         FDRE (Prop_fdre_C_Q)         0.518     5.601 f  Slow_Clock_0/count_reg[4]/Q
                         net (fo=2, routed)           0.809     6.411    Slow_Clock_0/count[4]
    SLICE_X53Y18         LUT4 (Prop_lut4_I1_O)        0.124     6.535 f  Slow_Clock_0/count[31]_i_7/O
                         net (fo=1, routed)           0.797     7.332    Slow_Clock_0/count[31]_i_7_n_0
    SLICE_X53Y17         LUT5 (Prop_lut5_I4_O)        0.152     7.484 f  Slow_Clock_0/count[31]_i_3/O
                         net (fo=3, routed)           0.957     8.441    Slow_Clock_0/count[31]_i_3_n_0
    SLICE_X53Y21         LUT4 (Prop_lut4_I1_O)        0.326     8.767 r  Slow_Clock_0/count[31]_i_1/O
                         net (fo=31, routed)          0.918     9.685    Slow_Clock_0/count[31]_i_1_n_0
    SLICE_X52Y18         FDRE                                         r  Slow_Clock_0/count_reg[6]/R
  -------------------------------------------------------------------    -------------------

                         (clock sys_clk_pin rise edge)
                                                     10.000    10.000 r  
    W5                                                0.000    10.000 r  Clk_in (IN)
                         net (fo=0)                   0.000    10.000    Clk_in
    W5                   IBUF (Prop_ibuf_I_O)         1.388    11.388 r  Clk_in_IBUF_inst/O
                         net (fo=1, routed)           1.862    13.250    Clk_in_IBUF
    BUFGCTRL_X0Y0        BUFG (Prop_bufg_I_O)         0.091    13.341 r  Clk_in_IBUF_BUFG_inst/O
                         net (fo=34, routed)          1.442    14.783    Slow_Clock_0/Clk_in_IBUF_BUFG
    SLICE_X52Y18         FDRE                                         r  Slow_Clock_0/count_reg[6]/C
                         clock pessimism              0.274    15.057    
                         clock uncertainty           -0.035    15.022    
    SLICE_X52Y18         FDRE (Setup_fdre_C_R)       -0.524    14.498    Slow_Clock_0/count_reg[6]
  -------------------------------------------------------------------
                         required time                         14.498    
                         arrival time                          -9.685    
  -------------------------------------------------------------------
                         slack                                  4.812    

Slack (MET) :             4.812ns  (required time - arrival time)
  Source:                 Slow_Clock_0/count_reg[4]/C
                            (rising edge-triggered cell FDRE clocked by sys_clk_pin  {rise@0.000ns fall@5.000ns period=10.000ns})
  Destination:            Slow_Clock_0/count_reg[7]/R
                            (rising edge-triggered cell FDRE clocked by sys_clk_pin  {rise@0.000ns fall@5.000ns period=10.000ns})
  Path Group:             sys_clk_pin
  Path Type:              Setup (Max at Slow Process Corner)
  Requirement:            10.000ns  (sys_clk_pin rise@10.000ns - sys_clk_pin rise@0.000ns)
  Data Path Delay:        4.602ns  (logic 1.120ns (24.336%)  route 3.482ns (75.664%))
  Logic Levels:           3  (LUT4=2 LUT5=1)
  Clock Path Skew:        -0.026ns (DCD - SCD + CPR)
    Destination Clock Delay (DCD):    4.783ns = ( 14.783 - 10.000 ) 
    Source Clock Delay      (SCD):    5.083ns
    Clock Pessimism Removal (CPR):    0.274ns
  Clock Uncertainty:      0.035ns  ((TSJ^2 + TIJ^2)^1/2 + DJ) / 2 + PE
    Total System Jitter     (TSJ):    0.071ns
    Total Input Jitter      (TIJ):    0.000ns
    Discrete Jitter          (DJ):    0.000ns
    Phase Error              (PE):    0.000ns

    Location             Delay type                Incr(ns)  Path(ns)    Netlist Resource(s)
  -------------------------------------------------------------------    -------------------
                         (clock sys_clk_pin rise edge)
                                                      0.000     0.000 r  
    W5                                                0.000     0.000 r  Clk_in (IN)
                         net (fo=0)                   0.000     0.000    Clk_in
    W5                   IBUF (Prop_ibuf_I_O)         1.458     1.458 r  Clk_in_IBUF_inst/O
                         net (fo=1, routed)           1.967     3.425    Clk_in_IBUF
    BUFGCTRL_X0Y0        BUFG (Prop_bufg_I_O)         0.096     3.521 r  Clk_in_IBUF_BUFG_inst/O
                         net (fo=34, routed)          1.562     5.083    Slow_Clock_0/Clk_in_IBUF_BUFG
    SLICE_X52Y17         FDRE                                         r  Slow_Clock_0/count_reg[4]/C
  -------------------------------------------------------------------    -------------------
    SLICE_X52Y17         FDRE (Prop_fdre_C_Q)         0.518     5.601 f  Slow_Clock_0/count_reg[4]/Q
                         net (fo=2, routed)           0.809     6.411    Slow_Clock_0/count[4]
    SLICE_X53Y18         LUT4 (Prop_lut4_I1_O)        0.124     6.535 f  Slow_Clock_0/count[31]_i_7/O
                         net (fo=1, routed)           0.797     7.332    Slow_Clock_0/count[31]_i_7_n_0
    SLICE_X53Y17         LUT5 (Prop_lut5_I4_O)        0.152     7.484 f  Slow_Clock_0/count[31]_i_3/O
                         net (fo=3, routed)           0.957     8.441    Slow_Clock_0/count[31]_i_3_n_0
    SLICE_X53Y21         LUT4 (Prop_lut4_I1_O)        0.326     8.767 r  Slow_Clock_0/count[31]_i_1/O
                         net (fo=31, routed)          0.918     9.685    Slow_Clock_0/count[31]_i_1_n_0
    SLICE_X52Y18         FDRE                                         r  Slow_Clock_0/count_reg[7]/R
  -------------------------------------------------------------------    -------------------

                         (clock sys_clk_pin rise edge)
                                                     10.000    10.000 r  
    W5                                                0.000    10.000 r  Clk_in (IN)
                         net (fo=0)                   0.000    10.000    Clk_in
    W5                   IBUF (Prop_ibuf_I_O)         1.388    11.388 r  Clk_in_IBUF_inst/O
                         net (fo=1, routed)           1.862    13.250    Clk_in_IBUF
    BUFGCTRL_X0Y0        BUFG (Prop_bufg_I_O)         0.091    13.341 r  Clk_in_IBUF_BUFG_inst/O
                         net (fo=34, routed)          1.442    14.783    Slow_Clock_0/Clk_in_IBUF_BUFG
    SLICE_X52Y18         FDRE                                         r  Slow_Clock_0/count_reg[7]/C
                         clock pessimism              0.274    15.057    
                         clock uncertainty           -0.035    15.022    
    SLICE_X52Y18         FDRE (Setup_fdre_C_R)       -0.524    14.498    Slow_Clock_0/count_reg[7]
  -------------------------------------------------------------------
                         required time                         14.498    
                         arrival time                          -9.685    
  -------------------------------------------------------------------
                         slack                                  4.812    

Slack (MET) :             4.812ns  (required time - arrival time)
  Source:                 Slow_Clock_0/count_reg[4]/C
                            (rising edge-triggered cell FDRE clocked by sys_clk_pin  {rise@0.000ns fall@5.000ns period=10.000ns})
  Destination:            Slow_Clock_0/count_reg[8]/R
                            (rising edge-triggered cell FDRE clocked by sys_clk_pin  {rise@0.000ns fall@5.000ns period=10.000ns})
  Path Group:             sys_clk_pin
  Path Type:              Setup (Max at Slow Process Corner)
  Requirement:            10.000ns  (sys_clk_pin rise@10.000ns - sys_clk_pin rise@0.000ns)
  Data Path Delay:        4.602ns  (logic 1.120ns (24.336%)  route 3.482ns (75.664%))
  Logic Levels:           3  (LUT4=2 LUT5=1)
  Clock Path Skew:        -0.026ns (DCD - SCD + CPR)
    Destination Clock Delay (DCD):    4.783ns = ( 14.783 - 10.000 ) 
    Source Clock Delay      (SCD):    5.083ns
    Clock Pessimism Removal (CPR):    0.274ns
  Clock Uncertainty:      0.035ns  ((TSJ^2 + TIJ^2)^1/2 + DJ) / 2 + PE
    Total System Jitter     (TSJ):    0.071ns
    Total Input Jitter      (TIJ):    0.000ns
    Discrete Jitter          (DJ):    0.000ns
    Phase Error              (PE):    0.000ns

    Location             Delay type                Incr(ns)  Path(ns)    Netlist Resource(s)
  -------------------------------------------------------------------    -------------------
                         (clock sys_clk_pin rise edge)
                                                      0.000     0.000 r  
    W5                                                0.000     0.000 r  Clk_in (IN)
                         net (fo=0)                   0.000     0.000    Clk_in
    W5                   IBUF (Prop_ibuf_I_O)         1.458     1.458 r  Clk_in_IBUF_inst/O
                         net (fo=1, routed)           1.967     3.425    Clk_in_IBUF
    BUFGCTRL_X0Y0        BUFG (Prop_bufg_I_O)         0.096     3.521 r  Clk_in_IBUF_BUFG_inst/O
                         net (fo=34, routed)          1.562     5.083    Slow_Clock_0/Clk_in_IBUF_BUFG
    SLICE_X52Y17         FDRE                                         r  Slow_Clock_0/count_reg[4]/C
  -------------------------------------------------------------------    -------------------
    SLICE_X52Y17         FDRE (Prop_fdre_C_Q)         0.518     5.601 f  Slow_Clock_0/count_reg[4]/Q
                         net (fo=2, routed)           0.809     6.411    Slow_Clock_0/count[4]
    SLICE_X53Y18         LUT4 (Prop_lut4_I1_O)        0.124     6.535 f  Slow_Clock_0/count[31]_i_7/O
                         net (fo=1, routed)           0.797     7.332    Slow_Clock_0/count[31]_i_7_n_0
    SLICE_X53Y17         LUT5 (Prop_lut5_I4_O)        0.152     7.484 f  Slow_Clock_0/count[31]_i_3/O
                         net (fo=3, routed)           0.957     8.441    Slow_Clock_0/count[31]_i_3_n_0
    SLICE_X53Y21         LUT4 (Prop_lut4_I1_O)        0.326     8.767 r  Slow_Clock_0/count[31]_i_1/O
                         net (fo=31, routed)          0.918     9.685    Slow_Clock_0/count[31]_i_1_n_0
    SLICE_X52Y18         FDRE                                         r  Slow_Clock_0/count_reg[8]/R
  -------------------------------------------------------------------    -------------------

                         (clock sys_clk_pin rise edge)
                                                     10.000    10.000 r  
    W5                                                0.000    10.000 r  Clk_in (IN)
                         net (fo=0)                   0.000    10.000    Clk_in
    W5                   IBUF (Prop_ibuf_I_O)         1.388    11.388 r  Clk_in_IBUF_inst/O
                         net (fo=1, routed)           1.862    13.250    Clk_in_IBUF
    BUFGCTRL_X0Y0        BUFG (Prop_bufg_I_O)         0.091    13.341 r  Clk_in_IBUF_BUFG_inst/O
                         net (fo=34, routed)          1.442    14.783    Slow_Clock_0/Clk_in_IBUF_BUFG
    SLICE_X52Y18         FDRE                                         r  Slow_Clock_0/count_reg[8]/C
                         clock pessimism              0.274    15.057    
                         clock uncertainty           -0.035    15.022    
    SLICE_X52Y18         FDRE (Setup_fdre_C_R)       -0.524    14.498    Slow_Clock_0/count_reg[8]
  -------------------------------------------------------------------
                         required time                         14.498    
                         arrival time                          -9.685    
  -------------------------------------------------------------------
                         slack                                  4.812    

Slack (MET) :             4.835ns  (required time - arrival time)
  Source:                 Slow_Clock_0/count_reg[4]/C
                            (rising edge-triggered cell FDRE clocked by sys_clk_pin  {rise@0.000ns fall@5.000ns period=10.000ns})
  Destination:            Slow_Clock_0/count_reg[1]/R
                            (rising edge-triggered cell FDRE clocked by sys_clk_pin  {rise@0.000ns fall@5.000ns period=10.000ns})
  Path Group:             sys_clk_pin
  Path Type:              Setup (Max at Slow Process Corner)
  Requirement:            10.000ns  (sys_clk_pin rise@10.000ns - sys_clk_pin rise@0.000ns)
  Data Path Delay:        4.605ns  (logic 1.120ns (24.320%)  route 3.485ns (75.681%))
  Logic Levels:           3  (LUT4=2 LUT5=1)
  Clock Path Skew:        0.000ns (DCD - SCD + CPR)
    Destination Clock Delay (DCD):    4.785ns = ( 14.785 - 10.000 ) 
    Source Clock Delay      (SCD):    5.083ns
    Clock Pessimism Removal (CPR):    0.298ns
  Clock Uncertainty:      0.035ns  ((TSJ^2 + TIJ^2)^1/2 + DJ) / 2 + PE
    Total System Jitter     (TSJ):    0.071ns
    Total Input Jitter      (TIJ):    0.000ns
    Discrete Jitter          (DJ):    0.000ns
    Phase Error              (PE):    0.000ns

    Location             Delay type                Incr(ns)  Path(ns)    Netlist Resource(s)
  -------------------------------------------------------------------    -------------------
                         (clock sys_clk_pin rise edge)
                                                      0.000     0.000 r  
    W5                                                0.000     0.000 r  Clk_in (IN)
                         net (fo=0)                   0.000     0.000    Clk_in
    W5                   IBUF (Prop_ibuf_I_O)         1.458     1.458 r  Clk_in_IBUF_inst/O
                         net (fo=1, routed)           1.967     3.425    Clk_in_IBUF
    BUFGCTRL_X0Y0        BUFG (Prop_bufg_I_O)         0.096     3.521 r  Clk_in_IBUF_BUFG_inst/O
                         net (fo=34, routed)          1.562     5.083    Slow_Clock_0/Clk_in_IBUF_BUFG
    SLICE_X52Y17         FDRE                                         r  Slow_Clock_0/count_reg[4]/C
  -------------------------------------------------------------------    -------------------
    SLICE_X52Y17         FDRE (Prop_fdre_C_Q)         0.518     5.601 f  Slow_Clock_0/count_reg[4]/Q
                         net (fo=2, routed)           0.809     6.411    Slow_Clock_0/count[4]
    SLICE_X53Y18         LUT4 (Prop_lut4_I1_O)        0.124     6.535 f  Slow_Clock_0/count[31]_i_7/O
                         net (fo=1, routed)           0.797     7.332    Slow_Clock_0/count[31]_i_7_n_0
    SLICE_X53Y17         LUT5 (Prop_lut5_I4_O)        0.152     7.484 f  Slow_Clock_0/count[31]_i_3/O
                         net (fo=3, routed)           0.957     8.441    Slow_Clock_0/count[31]_i_3_n_0
    SLICE_X53Y21         LUT4 (Prop_lut4_I1_O)        0.326     8.767 r  Slow_Clock_0/count[31]_i_1/O
                         net (fo=31, routed)          0.922     9.689    Slow_Clock_0/count[31]_i_1_n_0
    SLICE_X52Y17         FDRE                                         r  Slow_Clock_0/count_reg[1]/R
  -------------------------------------------------------------------    -------------------

                         (clock sys_clk_pin rise edge)
                                                     10.000    10.000 r  
    W5                                                0.000    10.000 r  Clk_in (IN)
                         net (fo=0)                   0.000    10.000    Clk_in
    W5                   IBUF (Prop_ibuf_I_O)         1.388    11.388 r  Clk_in_IBUF_inst/O
                         net (fo=1, routed)           1.862    13.250    Clk_in_IBUF
    BUFGCTRL_X0Y0        BUFG (Prop_bufg_I_O)         0.091    13.341 r  Clk_in_IBUF_BUFG_inst/O
                         net (fo=34, routed)          1.444    14.785    Slow_Clock_0/Clk_in_IBUF_BUFG
    SLICE_X52Y17         FDRE                                         r  Slow_Clock_0/count_reg[1]/C
                         clock pessimism              0.298    15.083    
                         clock uncertainty           -0.035    15.048    
    SLICE_X52Y17         FDRE (Setup_fdre_C_R)       -0.524    14.524    Slow_Clock_0/count_reg[1]
  -------------------------------------------------------------------
                         required time                         14.524    
                         arrival time                          -9.689    
  -------------------------------------------------------------------
                         slack                                  4.835    

Slack (MET) :             4.835ns  (required time - arrival time)
  Source:                 Slow_Clock_0/count_reg[4]/C
                            (rising edge-triggered cell FDRE clocked by sys_clk_pin  {rise@0.000ns fall@5.000ns period=10.000ns})
  Destination:            Slow_Clock_0/count_reg[2]/R
                            (rising edge-triggered cell FDRE clocked by sys_clk_pin  {rise@0.000ns fall@5.000ns period=10.000ns})
  Path Group:             sys_clk_pin
  Path Type:              Setup (Max at Slow Process Corner)
  Requirement:            10.000ns  (sys_clk_pin rise@10.000ns - sys_clk_pin rise@0.000ns)
  Data Path Delay:        4.605ns  (logic 1.120ns (24.320%)  route 3.485ns (75.681%))
  Logic Levels:           3  (LUT4=2 LUT5=1)
  Clock Path Skew:        0.000ns (DCD - SCD + CPR)
    Destination Clock Delay (DCD):    4.785ns = ( 14.785 - 10.000 ) 
    Source Clock Delay      (SCD):    5.083ns
    Clock Pessimism Removal (CPR):    0.298ns
  Clock Uncertainty:      0.035ns  ((TSJ^2 + TIJ^2)^1/2 + DJ) / 2 + PE
    Total System Jitter     (TSJ):    0.071ns
    Total Input Jitter      (TIJ):    0.000ns
    Discrete Jitter          (DJ):    0.000ns
    Phase Error              (PE):    0.000ns

    Location             Delay type                Incr(ns)  Path(ns)    Netlist Resource(s)
  -------------------------------------------------------------------    -------------------
                         (clock sys_clk_pin rise edge)
                                                      0.000     0.000 r  
    W5                                                0.000     0.000 r  Clk_in (IN)
                         net (fo=0)                   0.000     0.000    Clk_in
    W5                   IBUF (Prop_ibuf_I_O)         1.458     1.458 r  Clk_in_IBUF_inst/O
                         net (fo=1, routed)           1.967     3.425    Clk_in_IBUF
    BUFGCTRL_X0Y0        BUFG (Prop_bufg_I_O)         0.096     3.521 r  Clk_in_IBUF_BUFG_inst/O
                         net (fo=34, routed)          1.562     5.083    Slow_Clock_0/Clk_in_IBUF_BUFG
    SLICE_X52Y17         FDRE                                         r  Slow_Clock_0/count_reg[4]/C
  -------------------------------------------------------------------    -------------------
    SLICE_X52Y17         FDRE (Prop_fdre_C_Q)         0.518     5.601 f  Slow_Clock_0/count_reg[4]/Q
                         net (fo=2, routed)           0.809     6.411    Slow_Clock_0/count[4]
    SLICE_X53Y18         LUT4 (Prop_lut4_I1_O)        0.124     6.535 f  Slow_Clock_0/count[31]_i_7/O
                         net (fo=1, routed)           0.797     7.332    Slow_Clock_0/count[31]_i_7_n_0
    SLICE_X53Y17         LUT5 (Prop_lut5_I4_O)        0.152     7.484 f  Slow_Clock_0/count[31]_i_3/O
                         net (fo=3, routed)           0.957     8.441    Slow_Clock_0/count[31]_i_3_n_0
    SLICE_X53Y21         LUT4 (Prop_lut4_I1_O)        0.326     8.767 r  Slow_Clock_0/count[31]_i_1/O
                         net (fo=31, routed)          0.922     9.689    Slow_Clock_0/count[31]_i_1_n_0
    SLICE_X52Y17         FDRE                                         r  Slow_Clock_0/count_reg[2]/R
  -------------------------------------------------------------------    -------------------

                         (clock sys_clk_pin rise edge)
                                                     10.000    10.000 r  
    W5                                                0.000    10.000 r  Clk_in (IN)
                         net (fo=0)                   0.000    10.000    Clk_in
    W5                   IBUF (Prop_ibuf_I_O)         1.388    11.388 r  Clk_in_IBUF_inst/O
                         net (fo=1, routed)           1.862    13.250    Clk_in_IBUF
    BUFGCTRL_X0Y0        BUFG (Prop_bufg_I_O)         0.091    13.341 r  Clk_in_IBUF_BUFG_inst/O
                         net (fo=34, routed)          1.444    14.785    Slow_Clock_0/Clk_in_IBUF_BUFG
    SLICE_X52Y17         FDRE                                         r  Slow_Clock_0/count_reg[2]/C
                         clock pessimism              0.298    15.083    
                         clock uncertainty           -0.035    15.048    
    SLICE_X52Y17         FDRE (Setup_fdre_C_R)       -0.524    14.524    Slow_Clock_0/count_reg[2]
  -------------------------------------------------------------------
                         required time                         14.524    
                         arrival time                          -9.689    
  -------------------------------------------------------------------
                         slack                                  4.835    

Slack (MET) :             4.835ns  (required time - arrival time)
  Source:                 Slow_Clock_0/count_reg[4]/C
                            (rising edge-triggered cell FDRE clocked by sys_clk_pin  {rise@0.000ns fall@5.000ns period=10.000ns})
  Destination:            Slow_Clock_0/count_reg[3]/R
                            (rising edge-triggered cell FDRE clocked by sys_clk_pin  {rise@0.000ns fall@5.000ns period=10.000ns})
  Path Group:             sys_clk_pin
  Path Type:              Setup (Max at Slow Process Corner)
  Requirement:            10.000ns  (sys_clk_pin rise@10.000ns - sys_clk_pin rise@0.000ns)
  Data Path Delay:        4.605ns  (logic 1.120ns (24.320%)  route 3.485ns (75.681%))
  Logic Levels:           3  (LUT4=2 LUT5=1)
  Clock Path Skew:        0.000ns (DCD - SCD + CPR)
    Destination Clock Delay (DCD):    4.785ns = ( 14.785 - 10.000 ) 
    Source Clock Delay      (SCD):    5.083ns
    Clock Pessimism Removal (CPR):    0.298ns
  Clock Uncertainty:      0.035ns  ((TSJ^2 + TIJ^2)^1/2 + DJ) / 2 + PE
    Total System Jitter     (TSJ):    0.071ns
    Total Input Jitter      (TIJ):    0.000ns
    Discrete Jitter          (DJ):    0.000ns
    Phase Error              (PE):    0.000ns

    Location             Delay type                Incr(ns)  Path(ns)    Netlist Resource(s)
  -------------------------------------------------------------------    -------------------
                         (clock sys_clk_pin rise edge)
                                                      0.000     0.000 r  
    W5                                                0.000     0.000 r  Clk_in (IN)
                         net (fo=0)                   0.000     0.000    Clk_in
    W5                   IBUF (Prop_ibuf_I_O)         1.458     1.458 r  Clk_in_IBUF_inst/O
                         net (fo=1, routed)           1.967     3.425    Clk_in_IBUF
    BUFGCTRL_X0Y0        BUFG (Prop_bufg_I_O)         0.096     3.521 r  Clk_in_IBUF_BUFG_inst/O
                         net (fo=34, routed)          1.562     5.083    Slow_Clock_0/Clk_in_IBUF_BUFG
    SLICE_X52Y17         FDRE                                         r  Slow_Clock_0/count_reg[4]/C
  -------------------------------------------------------------------    -------------------
    SLICE_X52Y17         FDRE (Prop_fdre_C_Q)         0.518     5.601 f  Slow_Clock_0/count_reg[4]/Q
                         net (fo=2, routed)           0.809     6.411    Slow_Clock_0/count[4]
    SLICE_X53Y18         LUT4 (Prop_lut4_I1_O)        0.124     6.535 f  Slow_Clock_0/count[31]_i_7/O
                         net (fo=1, routed)           0.797     7.332    Slow_Clock_0/count[31]_i_7_n_0
    SLICE_X53Y17         LUT5 (Prop_lut5_I4_O)        0.152     7.484 f  Slow_Clock_0/count[31]_i_3/O
                         net (fo=3, routed)           0.957     8.441    Slow_Clock_0/count[31]_i_3_n_0
    SLICE_X53Y21         LUT4 (Prop_lut4_I1_O)        0.326     8.767 r  Slow_Clock_0/count[31]_i_1/O
                         net (fo=31, routed)          0.922     9.689    Slow_Clock_0/count[31]_i_1_n_0
    SLICE_X52Y17         FDRE                                         r  Slow_Clock_0/count_reg[3]/R
  -------------------------------------------------------------------    -------------------

                         (clock sys_clk_pin rise edge)
                                                     10.000    10.000 r  
    W5                                                0.000    10.000 r  Clk_in (IN)
                         net (fo=0)                   0.000    10.000    Clk_in
    W5                   IBUF (Prop_ibuf_I_O)         1.388    11.388 r  Clk_in_IBUF_inst/O
                         net (fo=1, routed)           1.862    13.250    Clk_in_IBUF
    BUFGCTRL_X0Y0        BUFG (Prop_bufg_I_O)         0.091    13.341 r  Clk_in_IBUF_BUFG_inst/O
                         net (fo=34, routed)          1.444    14.785    Slow_Clock_0/Clk_in_IBUF_BUFG
    SLICE_X52Y17         FDRE                                         r  Slow_Clock_0/count_reg[3]/C
                         clock pessimism              0.298    15.083    
                         clock uncertainty           -0.035    15.048    
    SLICE_X52Y17         FDRE (Setup_fdre_C_R)       -0.524    14.524    Slow_Clock_0/count_reg[3]
  -------------------------------------------------------------------
                         required time                         14.524    
                         arrival time                          -9.689    
  -------------------------------------------------------------------
                         slack                                  4.835    





Min Delay Paths
--------------------------------------------------------------------------------------
Slack (MET) :             0.265ns  (arrival time - required time)
  Source:                 Slow_Clock_0/count_reg[23]/C
                            (rising edge-triggered cell FDRE clocked by sys_clk_pin  {rise@0.000ns fall@5.000ns period=10.000ns})
  Destination:            Slow_Clock_0/count_reg[23]/D
                            (rising edge-triggered cell FDRE clocked by sys_clk_pin  {rise@0.000ns fall@5.000ns period=10.000ns})
  Path Group:             sys_clk_pin
  Path Type:              Hold (Min at Fast Process Corner)
  Requirement:            0.000ns  (sys_clk_pin rise@0.000ns - sys_clk_pin rise@0.000ns)
  Data Path Delay:        0.399ns  (logic 0.274ns (68.589%)  route 0.125ns (31.411%))
  Logic Levels:           1  (CARRY4=1)
  Clock Path Skew:        0.000ns (DCD - SCD - CPR)
    Destination Clock Delay (DCD):    1.951ns
    Source Clock Delay      (SCD):    1.439ns
    Clock Pessimism Removal (CPR):    0.512ns

    Location             Delay type                Incr(ns)  Path(ns)    Netlist Resource(s)
  -------------------------------------------------------------------    -------------------
                         (clock sys_clk_pin rise edge)
                                                      0.000     0.000 r  
    W5                                                0.000     0.000 r  Clk_in (IN)
                         net (fo=0)                   0.000     0.000    Clk_in
    W5                   IBUF (Prop_ibuf_I_O)         0.226     0.226 r  Clk_in_IBUF_inst/O
                         net (fo=1, routed)           0.631     0.858    Clk_in_IBUF
    BUFGCTRL_X0Y0        BUFG (Prop_bufg_I_O)         0.026     0.884 r  Clk_in_IBUF_BUFG_inst/O
                         net (fo=34, routed)          0.556     1.439    Slow_Clock_0/Clk_in_IBUF_BUFG
    SLICE_X52Y22         FDRE                                         r  Slow_Clock_0/count_reg[23]/C
  -------------------------------------------------------------------    -------------------
    SLICE_X52Y22         FDRE (Prop_fdre_C_Q)         0.164     1.603 r  Slow_Clock_0/count_reg[23]/Q
                         net (fo=2, routed)           0.125     1.729    Slow_Clock_0/count[23]
    SLICE_X52Y22         CARRY4 (Prop_carry4_S[2]_O[2])
                                                      0.110     1.839 r  Slow_Clock_0/count0_carry__4/O[2]
                         net (fo=1, routed)           0.000     1.839    Slow_Clock_0/data0[23]
    SLICE_X52Y22         FDRE                                         r  Slow_Clock_0/count_reg[23]/D
  -------------------------------------------------------------------    -------------------

                         (clock sys_clk_pin rise edge)
                                                      0.000     0.000 r  
    W5                                                0.000     0.000 r  Clk_in (IN)
                         net (fo=0)                   0.000     0.000    Clk_in
    W5                   IBUF (Prop_ibuf_I_O)         0.414     0.414 r  Clk_in_IBUF_inst/O
                         net (fo=1, routed)           0.685     1.099    Clk_in_IBUF
    BUFGCTRL_X0Y0        BUFG (Prop_bufg_I_O)         0.029     1.128 r  Clk_in_IBUF_BUFG_inst/O
                         net (fo=34, routed)          0.824     1.951    Slow_Clock_0/Clk_in_IBUF_BUFG
    SLICE_X52Y22         FDRE                                         r  Slow_Clock_0/count_reg[23]/C
                         clock pessimism             -0.512     1.439    
    SLICE_X52Y22         FDRE (Hold_fdre_C_D)         0.134     1.573    Slow_Clock_0/count_reg[23]
  -------------------------------------------------------------------
                         required time                         -1.573    
                         arrival time                           1.839    
  -------------------------------------------------------------------
                         slack                                  0.265    

Slack (MET) :             0.265ns  (arrival time - required time)
  Source:                 Slow_Clock_0/count_reg[11]/C
                            (rising edge-triggered cell FDRE clocked by sys_clk_pin  {rise@0.000ns fall@5.000ns period=10.000ns})
  Destination:            Slow_Clock_0/count_reg[11]/D
                            (rising edge-triggered cell FDRE clocked by sys_clk_pin  {rise@0.000ns fall@5.000ns period=10.000ns})
  Path Group:             sys_clk_pin
  Path Type:              Hold (Min at Fast Process Corner)
  Requirement:            0.000ns  (sys_clk_pin rise@0.000ns - sys_clk_pin rise@0.000ns)
  Data Path Delay:        0.399ns  (logic 0.274ns (68.589%)  route 0.125ns (31.411%))
  Logic Levels:           1  (CARRY4=1)
  Clock Path Skew:        0.000ns (DCD - SCD - CPR)
    Destination Clock Delay (DCD):    1.954ns
    Source Clock Delay      (SCD):    1.441ns
    Clock Pessimism Removal (CPR):    0.513ns

    Location             Delay type                Incr(ns)  Path(ns)    Netlist Resource(s)
  -------------------------------------------------------------------    -------------------
                         (clock sys_clk_pin rise edge)
                                                      0.000     0.000 r  
    W5                                                0.000     0.000 r  Clk_in (IN)
                         net (fo=0)                   0.000     0.000    Clk_in
    W5                   IBUF (Prop_ibuf_I_O)         0.226     0.226 r  Clk_in_IBUF_inst/O
                         net (fo=1, routed)           0.631     0.858    Clk_in_IBUF
    BUFGCTRL_X0Y0        BUFG (Prop_bufg_I_O)         0.026     0.884 r  Clk_in_IBUF_BUFG_inst/O
                         net (fo=34, routed)          0.558     1.441    Slow_Clock_0/Clk_in_IBUF_BUFG
    SLICE_X52Y19         FDRE                                         r  Slow_Clock_0/count_reg[11]/C
  -------------------------------------------------------------------    -------------------
    SLICE_X52Y19         FDRE (Prop_fdre_C_Q)         0.164     1.605 r  Slow_Clock_0/count_reg[11]/Q
                         net (fo=2, routed)           0.125     1.731    Slow_Clock_0/count[11]
    SLICE_X52Y19         CARRY4 (Prop_carry4_S[2]_O[2])
                                                      0.110     1.841 r  Slow_Clock_0/count0_carry__1/O[2]
                         net (fo=1, routed)           0.000     1.841    Slow_Clock_0/data0[11]
    SLICE_X52Y19         FDRE                                         r  Slow_Clock_0/count_reg[11]/D
  -------------------------------------------------------------------    -------------------

                         (clock sys_clk_pin rise edge)
                                                      0.000     0.000 r  
    W5                                                0.000     0.000 r  Clk_in (IN)
                         net (fo=0)                   0.000     0.000    Clk_in
    W5                   IBUF (Prop_ibuf_I_O)         0.414     0.414 r  Clk_in_IBUF_inst/O
                         net (fo=1, routed)           0.685     1.099    Clk_in_IBUF
    BUFGCTRL_X0Y0        BUFG (Prop_bufg_I_O)         0.029     1.128 r  Clk_in_IBUF_BUFG_inst/O
                         net (fo=34, routed)          0.827     1.954    Slow_Clock_0/Clk_in_IBUF_BUFG
    SLICE_X52Y19         FDRE                                         r  Slow_Clock_0/count_reg[11]/C
                         clock pessimism             -0.513     1.441    
    SLICE_X52Y19         FDRE (Hold_fdre_C_D)         0.134     1.575    Slow_Clock_0/count_reg[11]
  -------------------------------------------------------------------
                         required time                         -1.575    
                         arrival time                           1.841    
  -------------------------------------------------------------------
                         slack                                  0.265    

Slack (MET) :             0.265ns  (arrival time - required time)
  Source:                 Slow_Clock_0/count_reg[31]/C
                            (rising edge-triggered cell FDRE clocked by sys_clk_pin  {rise@0.000ns fall@5.000ns period=10.000ns})
  Destination:            Slow_Clock_0/count_reg[31]/D
                            (rising edge-triggered cell FDRE clocked by sys_clk_pin  {rise@0.000ns fall@5.000ns period=10.000ns})
  Path Group:             sys_clk_pin
  Path Type:              Hold (Min at Fast Process Corner)
  Requirement:            0.000ns  (sys_clk_pin rise@0.000ns - sys_clk_pin rise@0.000ns)
  Data Path Delay:        0.399ns  (logic 0.274ns (68.589%)  route 0.125ns (31.411%))
  Logic Levels:           1  (CARRY4=1)
  Clock Path Skew:        0.000ns (DCD - SCD - CPR)
    Destination Clock Delay (DCD):    1.948ns
    Source Clock Delay      (SCD):    1.436ns
    Clock Pessimism Removal (CPR):    0.512ns

    Location             Delay type                Incr(ns)  Path(ns)    Netlist Resource(s)
  -------------------------------------------------------------------    -------------------
                         (clock sys_clk_pin rise edge)
                                                      0.000     0.000 r  
    W5                                                0.000     0.000 r  Clk_in (IN)
                         net (fo=0)                   0.000     0.000    Clk_in
    W5                   IBUF (Prop_ibuf_I_O)         0.226     0.226 r  Clk_in_IBUF_inst/O
                         net (fo=1, routed)           0.631     0.858    Clk_in_IBUF
    BUFGCTRL_X0Y0        BUFG (Prop_bufg_I_O)         0.026     0.884 r  Clk_in_IBUF_BUFG_inst/O
                         net (fo=34, routed)          0.553     1.436    Slow_Clock_0/Clk_in_IBUF_BUFG
    SLICE_X52Y24         FDRE                                         r  Slow_Clock_0/count_reg[31]/C
  -------------------------------------------------------------------    -------------------
    SLICE_X52Y24         FDRE (Prop_fdre_C_Q)         0.164     1.600 r  Slow_Clock_0/count_reg[31]/Q
                         net (fo=2, routed)           0.125     1.726    Slow_Clock_0/count[31]
    SLICE_X52Y24         CARRY4 (Prop_carry4_S[2]_O[2])
                                                      0.110     1.836 r  Slow_Clock_0/count0_carry__6/O[2]
                         net (fo=1, routed)           0.000     1.836    Slow_Clock_0/data0[31]
    SLICE_X52Y24         FDRE                                         r  Slow_Clock_0/count_reg[31]/D
  -------------------------------------------------------------------    -------------------

                         (clock sys_clk_pin rise edge)
                                                      0.000     0.000 r  
    W5                                                0.000     0.000 r  Clk_in (IN)
                         net (fo=0)                   0.000     0.000    Clk_in
    W5                   IBUF (Prop_ibuf_I_O)         0.414     0.414 r  Clk_in_IBUF_inst/O
                         net (fo=1, routed)           0.685     1.099    Clk_in_IBUF
    BUFGCTRL_X0Y0        BUFG (Prop_bufg_I_O)         0.029     1.128 r  Clk_in_IBUF_BUFG_inst/O
                         net (fo=34, routed)          0.821     1.948    Slow_Clock_0/Clk_in_IBUF_BUFG
    SLICE_X52Y24         FDRE                                         r  Slow_Clock_0/count_reg[31]/C
                         clock pessimism             -0.512     1.436    
    SLICE_X52Y24         FDRE (Hold_fdre_C_D)         0.134     1.570    Slow_Clock_0/count_reg[31]
  -------------------------------------------------------------------
                         required time                         -1.570    
                         arrival time                           1.836    
  -------------------------------------------------------------------
                         slack                                  0.265    

Slack (MET) :             0.265ns  (arrival time - required time)
  Source:                 Slow_Clock_0/count_reg[19]/C
                            (rising edge-triggered cell FDRE clocked by sys_clk_pin  {rise@0.000ns fall@5.000ns period=10.000ns})
  Destination:            Slow_Clock_0/count_reg[19]/D
                            (rising edge-triggered cell FDRE clocked by sys_clk_pin  {rise@0.000ns fall@5.000ns period=10.000ns})
  Path Group:             sys_clk_pin
  Path Type:              Hold (Min at Fast Process Corner)
  Requirement:            0.000ns  (sys_clk_pin rise@0.000ns - sys_clk_pin rise@0.000ns)
  Data Path Delay:        0.399ns  (logic 0.274ns (68.589%)  route 0.125ns (31.411%))
  Logic Levels:           1  (CARRY4=1)
  Clock Path Skew:        0.000ns (DCD - SCD - CPR)
    Destination Clock Delay (DCD):    1.952ns
    Source Clock Delay      (SCD):    1.439ns
    Clock Pessimism Removal (CPR):    0.513ns

    Location             Delay type                Incr(ns)  Path(ns)    Netlist Resource(s)
  -------------------------------------------------------------------    -------------------
                         (clock sys_clk_pin rise edge)
                                                      0.000     0.000 r  
    W5                                                0.000     0.000 r  Clk_in (IN)
                         net (fo=0)                   0.000     0.000    Clk_in
    W5                   IBUF (Prop_ibuf_I_O)         0.226     0.226 r  Clk_in_IBUF_inst/O
                         net (fo=1, routed)           0.631     0.858    Clk_in_IBUF
    BUFGCTRL_X0Y0        BUFG (Prop_bufg_I_O)         0.026     0.884 r  Clk_in_IBUF_BUFG_inst/O
                         net (fo=34, routed)          0.556     1.439    Slow_Clock_0/Clk_in_IBUF_BUFG
    SLICE_X52Y21         FDRE                                         r  Slow_Clock_0/count_reg[19]/C
  -------------------------------------------------------------------    -------------------
    SLICE_X52Y21         FDRE (Prop_fdre_C_Q)         0.164     1.603 r  Slow_Clock_0/count_reg[19]/Q
                         net (fo=2, routed)           0.125     1.729    Slow_Clock_0/count[19]
    SLICE_X52Y21         CARRY4 (Prop_carry4_S[2]_O[2])
                                                      0.110     1.839 r  Slow_Clock_0/count0_carry__3/O[2]
                         net (fo=1, routed)           0.000     1.839    Slow_Clock_0/data0[19]
    SLICE_X52Y21         FDRE                                         r  Slow_Clock_0/count_reg[19]/D
  -------------------------------------------------------------------    -------------------

                         (clock sys_clk_pin rise edge)
                                                      0.000     0.000 r  
    W5                                                0.000     0.000 r  Clk_in (IN)
                         net (fo=0)                   0.000     0.000    Clk_in
    W5                   IBUF (Prop_ibuf_I_O)         0.414     0.414 r  Clk_in_IBUF_inst/O
                         net (fo=1, routed)           0.685     1.099    Clk_in_IBUF
    BUFGCTRL_X0Y0        BUFG (Prop_bufg_I_O)         0.029     1.128 r  Clk_in_IBUF_BUFG_inst/O
                         net (fo=34, routed)          0.825     1.952    Slow_Clock_0/Clk_in_IBUF_BUFG
    SLICE_X52Y21         FDRE                                         r  Slow_Clock_0/count_reg[19]/C
                         clock pessimism             -0.513     1.439    
    SLICE_X52Y21         FDRE (Hold_fdre_C_D)         0.134     1.573    Slow_Clock_0/count_reg[19]
  -------------------------------------------------------------------
                         required time                         -1.573    
                         arrival time                           1.839    
  -------------------------------------------------------------------
                         slack                                  0.265    

Slack (MET) :             0.266ns  (arrival time - required time)
  Source:                 Slow_Clock_0/count_reg[3]/C
                            (rising edge-triggered cell FDRE clocked by sys_clk_pin  {rise@0.000ns fall@5.000ns period=10.000ns})
  Destination:            Slow_Clock_0/count_reg[3]/D
                            (rising edge-triggered cell FDRE clocked by sys_clk_pin  {rise@0.000ns fall@5.000ns period=10.000ns})
  Path Group:             sys_clk_pin
  Path Type:              Hold (Min at Fast Process Corner)
  Requirement:            0.000ns  (sys_clk_pin rise@0.000ns - sys_clk_pin rise@0.000ns)
  Data Path Delay:        0.400ns  (logic 0.274ns (68.560%)  route 0.126ns (31.440%))
  Logic Levels:           1  (CARRY4=1)
  Clock Path Skew:        0.000ns (DCD - SCD - CPR)
    Destination Clock Delay (DCD):    1.956ns
    Source Clock Delay      (SCD):    1.443ns
    Clock Pessimism Removal (CPR):    0.513ns

    Location             Delay type                Incr(ns)  Path(ns)    Netlist Resource(s)
  -------------------------------------------------------------------    -------------------
                         (clock sys_clk_pin rise edge)
                                                      0.000     0.000 r  
    W5                                                0.000     0.000 r  Clk_in (IN)
                         net (fo=0)                   0.000     0.000    Clk_in
    W5                   IBUF (Prop_ibuf_I_O)         0.226     0.226 r  Clk_in_IBUF_inst/O
                         net (fo=1, routed)           0.631     0.858    Clk_in_IBUF
    BUFGCTRL_X0Y0        BUFG (Prop_bufg_I_O)         0.026     0.884 r  Clk_in_IBUF_BUFG_inst/O
                         net (fo=34, routed)          0.560     1.443    Slow_Clock_0/Clk_in_IBUF_BUFG
    SLICE_X52Y17         FDRE                                         r  Slow_Clock_0/count_reg[3]/C
  -------------------------------------------------------------------    -------------------
    SLICE_X52Y17         FDRE (Prop_fdre_C_Q)         0.164     1.607 r  Slow_Clock_0/count_reg[3]/Q
                         net (fo=2, routed)           0.126     1.733    Slow_Clock_0/count[3]
    SLICE_X52Y17         CARRY4 (Prop_carry4_S[2]_O[2])
                                                      0.110     1.843 r  Slow_Clock_0/count0_carry/O[2]
                         net (fo=1, routed)           0.000     1.843    Slow_Clock_0/data0[3]
    SLICE_X52Y17         FDRE                                         r  Slow_Clock_0/count_reg[3]/D
  -------------------------------------------------------------------    -------------------

                         (clock sys_clk_pin rise edge)
                                                      0.000     0.000 r  
    W5                                                0.000     0.000 r  Clk_in (IN)
                         net (fo=0)                   0.000     0.000    Clk_in
    W5                   IBUF (Prop_ibuf_I_O)         0.414     0.414 r  Clk_in_IBUF_inst/O
                         net (fo=1, routed)           0.685     1.099    Clk_in_IBUF
    BUFGCTRL_X0Y0        BUFG (Prop_bufg_I_O)         0.029     1.128 r  Clk_in_IBUF_BUFG_inst/O
                         net (fo=34, routed)          0.829     1.956    Slow_Clock_0/Clk_in_IBUF_BUFG
    SLICE_X52Y17         FDRE                                         r  Slow_Clock_0/count_reg[3]/C
                         clock pessimism             -0.513     1.443    
    SLICE_X52Y17         FDRE (Hold_fdre_C_D)         0.134     1.577    Slow_Clock_0/count_reg[3]
  -------------------------------------------------------------------
                         required time                         -1.577    
                         arrival time                           1.843    
  -------------------------------------------------------------------
                         slack                                  0.266    

Slack (MET) :             0.266ns  (arrival time - required time)
  Source:                 Slow_Clock_0/count_reg[27]/C
                            (rising edge-triggered cell FDRE clocked by sys_clk_pin  {rise@0.000ns fall@5.000ns period=10.000ns})
  Destination:            Slow_Clock_0/count_reg[27]/D
                            (rising edge-triggered cell FDRE clocked by sys_clk_pin  {rise@0.000ns fall@5.000ns period=10.000ns})
  Path Group:             sys_clk_pin
  Path Type:              Hold (Min at Fast Process Corner)
  Requirement:            0.000ns  (sys_clk_pin rise@0.000ns - sys_clk_pin rise@0.000ns)
  Data Path Delay:        0.400ns  (logic 0.274ns (68.524%)  route 0.126ns (31.476%))
  Logic Levels:           1  (CARRY4=1)
  Clock Path Skew:        0.000ns (DCD - SCD - CPR)
    Destination Clock Delay (DCD):    1.949ns
    Source Clock Delay      (SCD):    1.437ns
    Clock Pessimism Removal (CPR):    0.512ns

    Location             Delay type                Incr(ns)  Path(ns)    Netlist Resource(s)
  -------------------------------------------------------------------    -------------------
                         (clock sys_clk_pin rise edge)
                                                      0.000     0.000 r  
    W5                                                0.000     0.000 r  Clk_in (IN)
                         net (fo=0)                   0.000     0.000    Clk_in
    W5                   IBUF (Prop_ibuf_I_O)         0.226     0.226 r  Clk_in_IBUF_inst/O
                         net (fo=1, routed)           0.631     0.858    Clk_in_IBUF
    BUFGCTRL_X0Y0        BUFG (Prop_bufg_I_O)         0.026     0.884 r  Clk_in_IBUF_BUFG_inst/O
                         net (fo=34, routed)          0.554     1.437    Slow_Clock_0/Clk_in_IBUF_BUFG
    SLICE_X52Y23         FDRE                                         r  Slow_Clock_0/count_reg[27]/C
  -------------------------------------------------------------------    -------------------
    SLICE_X52Y23         FDRE (Prop_fdre_C_Q)         0.164     1.601 r  Slow_Clock_0/count_reg[27]/Q
                         net (fo=2, routed)           0.126     1.727    Slow_Clock_0/count[27]
    SLICE_X52Y23         CARRY4 (Prop_carry4_S[2]_O[2])
                                                      0.110     1.837 r  Slow_Clock_0/count0_carry__5/O[2]
                         net (fo=1, routed)           0.000     1.837    Slow_Clock_0/data0[27]
    SLICE_X52Y23         FDRE                                         r  Slow_Clock_0/count_reg[27]/D
  -------------------------------------------------------------------    -------------------

                         (clock sys_clk_pin rise edge)
                                                      0.000     0.000 r  
    W5                                                0.000     0.000 r  Clk_in (IN)
                         net (fo=0)                   0.000     0.000    Clk_in
    W5                   IBUF (Prop_ibuf_I_O)         0.414     0.414 r  Clk_in_IBUF_inst/O
                         net (fo=1, routed)           0.685     1.099    Clk_in_IBUF
    BUFGCTRL_X0Y0        BUFG (Prop_bufg_I_O)         0.029     1.128 r  Clk_in_IBUF_BUFG_inst/O
                         net (fo=34, routed)          0.822     1.949    Slow_Clock_0/Clk_in_IBUF_BUFG
    SLICE_X52Y23         FDRE                                         r  Slow_Clock_0/count_reg[27]/C
                         clock pessimism             -0.512     1.437    
    SLICE_X52Y23         FDRE (Hold_fdre_C_D)         0.134     1.571    Slow_Clock_0/count_reg[27]
  -------------------------------------------------------------------
                         required time                         -1.571    
                         arrival time                           1.837    
  -------------------------------------------------------------------
                         slack                                  0.266    

Slack (MET) :             0.268ns  (arrival time - required time)
  Source:                 Slow_Clock_0/count_reg[0]/C
                            (rising edge-triggered cell FDRE clocked by sys_clk_pin  {rise@0.000ns fall@5.000ns period=10.000ns})
  Destination:            Slow_Clock_0/count_reg[1]/D
                            (rising edge-triggered cell FDRE clocked by sys_clk_pin  {rise@0.000ns fall@5.000ns period=10.000ns})
  Path Group:             sys_clk_pin
  Path Type:              Hold (Min at Fast Process Corner)
  Requirement:            0.000ns  (sys_clk_pin rise@0.000ns - sys_clk_pin rise@0.000ns)
  Data Path Delay:        0.415ns  (logic 0.299ns (72.019%)  route 0.116ns (27.981%))
  Logic Levels:           1  (CARRY4=1)
  Clock Path Skew:        0.013ns (DCD - SCD - CPR)
    Destination Clock Delay (DCD):    1.956ns
    Source Clock Delay      (SCD):    1.443ns
    Clock Pessimism Removal (CPR):    0.500ns

    Location             Delay type                Incr(ns)  Path(ns)    Netlist Resource(s)
  -------------------------------------------------------------------    -------------------
                         (clock sys_clk_pin rise edge)
                                                      0.000     0.000 r  
    W5                                                0.000     0.000 r  Clk_in (IN)
                         net (fo=0)                   0.000     0.000    Clk_in
    W5                   IBUF (Prop_ibuf_I_O)         0.226     0.226 r  Clk_in_IBUF_inst/O
                         net (fo=1, routed)           0.631     0.858    Clk_in_IBUF
    BUFGCTRL_X0Y0        BUFG (Prop_bufg_I_O)         0.026     0.884 r  Clk_in_IBUF_BUFG_inst/O
                         net (fo=34, routed)          0.560     1.443    Slow_Clock_0/Clk_in_IBUF_BUFG
    SLICE_X53Y17         FDRE                                         r  Slow_Clock_0/count_reg[0]/C
  -------------------------------------------------------------------    -------------------
    SLICE_X53Y17         FDRE (Prop_fdre_C_Q)         0.141     1.584 r  Slow_Clock_0/count_reg[0]/Q
                         net (fo=3, routed)           0.116     1.700    Slow_Clock_0/count[0]
    SLICE_X52Y17         CARRY4 (Prop_carry4_CYINIT_O[0])
                                                      0.158     1.858 r  Slow_Clock_0/count0_carry/O[0]
                         net (fo=1, routed)           0.000     1.858    Slow_Clock_0/data0[1]
    SLICE_X52Y17         FDRE                                         r  Slow_Clock_0/count_reg[1]/D
  -------------------------------------------------------------------    -------------------

                         (clock sys_clk_pin rise edge)
                                                      0.000     0.000 r  
    W5                                                0.000     0.000 r  Clk_in (IN)
                         net (fo=0)                   0.000     0.000    Clk_in
    W5                   IBUF (Prop_ibuf_I_O)         0.414     0.414 r  Clk_in_IBUF_inst/O
                         net (fo=1, routed)           0.685     1.099    Clk_in_IBUF
    BUFGCTRL_X0Y0        BUFG (Prop_bufg_I_O)         0.029     1.128 r  Clk_in_IBUF_BUFG_inst/O
                         net (fo=34, routed)          0.829     1.956    Slow_Clock_0/Clk_in_IBUF_BUFG
    SLICE_X52Y17         FDRE                                         r  Slow_Clock_0/count_reg[1]/C
                         clock pessimism             -0.500     1.456    
    SLICE_X52Y17         FDRE (Hold_fdre_C_D)         0.134     1.590    Slow_Clock_0/count_reg[1]
  -------------------------------------------------------------------
                         required time                         -1.590    
                         arrival time                           1.858    
  -------------------------------------------------------------------
                         slack                                  0.268    

Slack (MET) :             0.288ns  (arrival time - required time)
  Source:                 Slow_Clock_0/clk_out_reg/C
                            (rising edge-triggered cell FDRE clocked by sys_clk_pin  {rise@0.000ns fall@5.000ns period=10.000ns})
  Destination:            Slow_Clock_0/clk_out_reg/D
                            (rising edge-triggered cell FDRE clocked by sys_clk_pin  {rise@0.000ns fall@5.000ns period=10.000ns})
  Path Group:             sys_clk_pin
  Path Type:              Hold (Min at Fast Process Corner)
  Requirement:            0.000ns  (sys_clk_pin rise@0.000ns - sys_clk_pin rise@0.000ns)
  Data Path Delay:        0.379ns  (logic 0.186ns (49.116%)  route 0.193ns (50.884%))
  Logic Levels:           1  (LUT6=1)
  Clock Path Skew:        0.000ns (DCD - SCD - CPR)
    Destination Clock Delay (DCD):    1.952ns
    Source Clock Delay      (SCD):    1.439ns
    Clock Pessimism Removal (CPR):    0.513ns

    Location             Delay type                Incr(ns)  Path(ns)    Netlist Resource(s)
  -------------------------------------------------------------------    -------------------
                         (clock sys_clk_pin rise edge)
                                                      0.000     0.000 r  
    W5                                                0.000     0.000 r  Clk_in (IN)
                         net (fo=0)                   0.000     0.000    Clk_in
    W5                   IBUF (Prop_ibuf_I_O)         0.226     0.226 r  Clk_in_IBUF_inst/O
                         net (fo=1, routed)           0.631     0.858    Clk_in_IBUF
    BUFGCTRL_X0Y0        BUFG (Prop_bufg_I_O)         0.026     0.884 r  Clk_in_IBUF_BUFG_inst/O
                         net (fo=34, routed)          0.556     1.439    Slow_Clock_0/Clk_in_IBUF_BUFG
    SLICE_X53Y21         FDRE                                         r  Slow_Clock_0/clk_out_reg/C
  -------------------------------------------------------------------    -------------------
    SLICE_X53Y21         FDRE (Prop_fdre_C_Q)         0.141     1.580 r  Slow_Clock_0/clk_out_reg/Q
                         net (fo=16, routed)          0.193     1.773    Slow_Clock_0/clk_out
    SLICE_X53Y21         LUT6 (Prop_lut6_I5_O)        0.045     1.818 r  Slow_Clock_0/clk_out_i_1/O
                         net (fo=1, routed)           0.000     1.818    Slow_Clock_0/clk_out_i_1_n_0
    SLICE_X53Y21         FDRE                                         r  Slow_Clock_0/clk_out_reg/D
  -------------------------------------------------------------------    -------------------

                         (clock sys_clk_pin rise edge)
                                                      0.000     0.000 r  
    W5                                                0.000     0.000 r  Clk_in (IN)
                         net (fo=0)                   0.000     0.000    Clk_in
    W5                   IBUF (Prop_ibuf_I_O)         0.414     0.414 r  Clk_in_IBUF_inst/O
                         net (fo=1, routed)           0.685     1.099    Clk_in_IBUF
    BUFGCTRL_X0Y0        BUFG (Prop_bufg_I_O)         0.029     1.128 r  Clk_in_IBUF_BUFG_inst/O
                         net (fo=34, routed)          0.825     1.952    Slow_Clock_0/Clk_in_IBUF_BUFG
    SLICE_X53Y21         FDRE                                         r  Slow_Clock_0/clk_out_reg/C
                         clock pessimism             -0.513     1.439    
    SLICE_X53Y21         FDRE (Hold_fdre_C_D)         0.091     1.530    Slow_Clock_0/clk_out_reg
  -------------------------------------------------------------------
                         required time                         -1.530    
                         arrival time                           1.818    
  -------------------------------------------------------------------
                         slack                                  0.288    

Slack (MET) :             0.294ns  (arrival time - required time)
  Source:                 Slow_Clock_0/count_reg[0]/C
                            (rising edge-triggered cell FDRE clocked by sys_clk_pin  {rise@0.000ns fall@5.000ns period=10.000ns})
  Destination:            Slow_Clock_0/count_reg[2]/D
                            (rising edge-triggered cell FDRE clocked by sys_clk_pin  {rise@0.000ns fall@5.000ns period=10.000ns})
  Path Group:             sys_clk_pin
  Path Type:              Hold (Min at Fast Process Corner)
  Requirement:            0.000ns  (sys_clk_pin rise@0.000ns - sys_clk_pin rise@0.000ns)
  Data Path Delay:        0.441ns  (logic 0.325ns (73.668%)  route 0.116ns (26.332%))
  Logic Levels:           1  (CARRY4=1)
  Clock Path Skew:        0.013ns (DCD - SCD - CPR)
    Destination Clock Delay (DCD):    1.956ns
    Source Clock Delay      (SCD):    1.443ns
    Clock Pessimism Removal (CPR):    0.500ns

    Location             Delay type                Incr(ns)  Path(ns)    Netlist Resource(s)
  -------------------------------------------------------------------    -------------------
                         (clock sys_clk_pin rise edge)
                                                      0.000     0.000 r  
    W5                                                0.000     0.000 r  Clk_in (IN)
                         net (fo=0)                   0.000     0.000    Clk_in
    W5                   IBUF (Prop_ibuf_I_O)         0.226     0.226 r  Clk_in_IBUF_inst/O
                         net (fo=1, routed)           0.631     0.858    Clk_in_IBUF
    BUFGCTRL_X0Y0        BUFG (Prop_bufg_I_O)         0.026     0.884 r  Clk_in_IBUF_BUFG_inst/O
                         net (fo=34, routed)          0.560     1.443    Slow_Clock_0/Clk_in_IBUF_BUFG
    SLICE_X53Y17         FDRE                                         r  Slow_Clock_0/count_reg[0]/C
  -------------------------------------------------------------------    -------------------
    SLICE_X53Y17         FDRE (Prop_fdre_C_Q)         0.141     1.584 r  Slow_Clock_0/count_reg[0]/Q
                         net (fo=3, routed)           0.116     1.700    Slow_Clock_0/count[0]
    SLICE_X52Y17         CARRY4 (Prop_carry4_CYINIT_O[1])
                                                      0.184     1.884 r  Slow_Clock_0/count0_carry/O[1]
                         net (fo=1, routed)           0.000     1.884    Slow_Clock_0/data0[2]
    SLICE_X52Y17         FDRE                                         r  Slow_Clock_0/count_reg[2]/D
  -------------------------------------------------------------------    -------------------

                         (clock sys_clk_pin rise edge)
                                                      0.000     0.000 r  
    W5                                                0.000     0.000 r  Clk_in (IN)
                         net (fo=0)                   0.000     0.000    Clk_in
    W5                   IBUF (Prop_ibuf_I_O)         0.414     0.414 r  Clk_in_IBUF_inst/O
                         net (fo=1, routed)           0.685     1.099    Clk_in_IBUF
    BUFGCTRL_X0Y0        BUFG (Prop_bufg_I_O)         0.029     1.128 r  Clk_in_IBUF_BUFG_inst/O
                         net (fo=34, routed)          0.829     1.956    Slow_Clock_0/Clk_in_IBUF_BUFG
    SLICE_X52Y17         FDRE                                         r  Slow_Clock_0/count_reg[2]/C
                         clock pessimism             -0.500     1.456    
    SLICE_X52Y17         FDRE (Hold_fdre_C_D)         0.134     1.590    Slow_Clock_0/count_reg[2]
  -------------------------------------------------------------------
                         required time                         -1.590    
                         arrival time                           1.884    
  -------------------------------------------------------------------
                         slack                                  0.294    

Slack (MET) :             0.301ns  (arrival time - required time)
  Source:                 Slow_Clock_0/count_reg[11]/C
                            (rising edge-triggered cell FDRE clocked by sys_clk_pin  {rise@0.000ns fall@5.000ns period=10.000ns})
  Destination:            Slow_Clock_0/count_reg[12]/D
                            (rising edge-triggered cell FDRE clocked by sys_clk_pin  {rise@0.000ns fall@5.000ns period=10.000ns})
  Path Group:             sys_clk_pin
  Path Type:              Hold (Min at Fast Process Corner)
  Requirement:            0.000ns  (sys_clk_pin rise@0.000ns - sys_clk_pin rise@0.000ns)
  Data Path Delay:        0.435ns  (logic 0.310ns (71.185%)  route 0.125ns (28.815%))
  Logic Levels:           1  (CARRY4=1)
  Clock Path Skew:        0.000ns (DCD - SCD - CPR)
    Destination Clock Delay (DCD):    1.954ns
    Source Clock Delay      (SCD):    1.441ns
    Clock Pessimism Removal (CPR):    0.513ns

    Location             Delay type                Incr(ns)  Path(ns)    Netlist Resource(s)
  -------------------------------------------------------------------    -------------------
                         (clock sys_clk_pin rise edge)
                                                      0.000     0.000 r  
    W5                                                0.000     0.000 r  Clk_in (IN)
                         net (fo=0)                   0.000     0.000    Clk_in
    W5                   IBUF (Prop_ibuf_I_O)         0.226     0.226 r  Clk_in_IBUF_inst/O
                         net (fo=1, routed)           0.631     0.858    Clk_in_IBUF
    BUFGCTRL_X0Y0        BUFG (Prop_bufg_I_O)         0.026     0.884 r  Clk_in_IBUF_BUFG_inst/O
                         net (fo=34, routed)          0.558     1.441    Slow_Clock_0/Clk_in_IBUF_BUFG
    SLICE_X52Y19         FDRE                                         r  Slow_Clock_0/count_reg[11]/C
  -------------------------------------------------------------------    -------------------
    SLICE_X52Y19         FDRE (Prop_fdre_C_Q)         0.164     1.605 r  Slow_Clock_0/count_reg[11]/Q
                         net (fo=2, routed)           0.125     1.731    Slow_Clock_0/count[11]
    SLICE_X52Y19         CARRY4 (Prop_carry4_S[2]_O[3])
                                                      0.146     1.877 r  Slow_Clock_0/count0_carry__1/O[3]
                         net (fo=1, routed)           0.000     1.877    Slow_Clock_0/data0[12]
    SLICE_X52Y19         FDRE                                         r  Slow_Clock_0/count_reg[12]/D
  -------------------------------------------------------------------    -------------------

                         (clock sys_clk_pin rise edge)
                                                      0.000     0.000 r  
    W5                                                0.000     0.000 r  Clk_in (IN)
                         net (fo=0)                   0.000     0.000    Clk_in
    W5                   IBUF (Prop_ibuf_I_O)         0.414     0.414 r  Clk_in_IBUF_inst/O
                         net (fo=1, routed)           0.685     1.099    Clk_in_IBUF
    BUFGCTRL_X0Y0        BUFG (Prop_bufg_I_O)         0.029     1.128 r  Clk_in_IBUF_BUFG_inst/O
                         net (fo=34, routed)          0.827     1.954    Slow_Clock_0/Clk_in_IBUF_BUFG
    SLICE_X52Y19         FDRE                                         r  Slow_Clock_0/count_reg[12]/C
                         clock pessimism             -0.513     1.441    
    SLICE_X52Y19         FDRE (Hold_fdre_C_D)         0.134     1.575    Slow_Clock_0/count_reg[12]
  -------------------------------------------------------------------
                         required time                         -1.575    
                         arrival time                           1.877    
  -------------------------------------------------------------------
                         slack                                  0.301    





Pulse Width Checks
--------------------------------------------------------------------------------------
Clock Name:         sys_clk_pin
Waveform(ns):       { 0.000 5.000 }
Period(ns):         10.000
Sources:            { Clk_in }

Check Type        Corner  Lib Pin  Reference Pin  Required(ns)  Actual(ns)  Slack(ns)  Location       Pin
Min Period        n/a     BUFG/I   n/a            2.155         10.000      7.845      BUFGCTRL_X0Y0  Clk_in_IBUF_BUFG_inst/I
Min Period        n/a     FDRE/C   n/a            1.000         10.000      9.000      SLICE_X53Y21   Slow_Clock_0/clk_out_reg/C
Min Period        n/a     FDRE/C   n/a            1.000         10.000      9.000      SLICE_X53Y21   Slow_Clock_0/clk_status_reg/C
Min Period        n/a     FDRE/C   n/a            1.000         10.000      9.000      SLICE_X53Y17   Slow_Clock_0/count_reg[0]/C
Min Period        n/a     FDRE/C   n/a            1.000         10.000      9.000      SLICE_X52Y19   Slow_Clock_0/count_reg[10]/C
Min Period        n/a     FDRE/C   n/a            1.000         10.000      9.000      SLICE_X52Y19   Slow_Clock_0/count_reg[11]/C
Min Period        n/a     FDRE/C   n/a            1.000         10.000      9.000      SLICE_X52Y19   Slow_Clock_0/count_reg[12]/C
Min Period        n/a     FDRE/C   n/a            1.000         10.000      9.000      SLICE_X52Y20   Slow_Clock_0/count_reg[13]/C
Min Period        n/a     FDRE/C   n/a            1.000         10.000      9.000      SLICE_X52Y20   Slow_Clock_0/count_reg[14]/C
Min Period        n/a     FDRE/C   n/a            1.000         10.000      9.000      SLICE_X52Y20   Slow_Clock_0/count_reg[15]/C
Low Pulse Width   Fast    FDRE/C   n/a            0.500         5.000       4.500      SLICE_X52Y24   Slow_Clock_0/count_reg[29]/C
Low Pulse Width   Fast    FDRE/C   n/a            0.500         5.000       4.500      SLICE_X52Y24   Slow_Clock_0/count_reg[30]/C
Low Pulse Width   Fast    FDRE/C   n/a            0.500         5.000       4.500      SLICE_X52Y24   Slow_Clock_0/count_reg[31]/C
Low Pulse Width   Fast    FDRE/C   n/a            0.500         5.000       4.500      SLICE_X53Y21   Slow_Clock_0/clk_out_reg/C
Low Pulse Width   Fast    FDRE/C   n/a            0.500         5.000       4.500      SLICE_X53Y21   Slow_Clock_0/clk_status_reg/C
Low Pulse Width   Slow    FDRE/C   n/a            0.500         5.000       4.500      SLICE_X53Y17   Slow_Clock_0/count_reg[0]/C
Low Pulse Width   Fast    FDRE/C   n/a            0.500         5.000       4.500      SLICE_X52Y21   Slow_Clock_0/count_reg[17]/C
Low Pulse Width   Fast    FDRE/C   n/a            0.500         5.000       4.500      SLICE_X52Y21   Slow_Clock_0/count_reg[18]/C
Low Pulse Width   Fast    FDRE/C   n/a            0.500         5.000       4.500      SLICE_X52Y21   Slow_Clock_0/count_reg[19]/C
Low Pulse Width   Slow    FDRE/C   n/a            0.500         5.000       4.500      SLICE_X52Y17   Slow_Clock_0/count_reg[1]/C
High Pulse Width  Slow    FDRE/C   n/a            0.500         5.000       4.500      SLICE_X53Y21   Slow_Clock_0/clk_out_reg/C
High Pulse Width  Slow    FDRE/C   n/a            0.500         5.000       4.500      SLICE_X53Y21   Slow_Clock_0/clk_status_reg/C
High Pulse Width  Fast    FDRE/C   n/a            0.500         5.000       4.500      SLICE_X53Y17   Slow_Clock_0/count_reg[0]/C
High Pulse Width  Slow    FDRE/C   n/a            0.500         5.000       4.500      SLICE_X52Y19   Slow_Clock_0/count_reg[10]/C
High Pulse Width  Slow    FDRE/C   n/a            0.500         5.000       4.500      SLICE_X52Y19   Slow_Clock_0/count_reg[11]/C
High Pulse Width  Slow    FDRE/C   n/a            0.500         5.000       4.500      SLICE_X52Y19   Slow_Clock_0/count_reg[12]/C
High Pulse Width  Slow    FDRE/C   n/a            0.500         5.000       4.500      SLICE_X52Y20   Slow_Clock_0/count_reg[13]/C
High Pulse Width  Slow    FDRE/C   n/a            0.500         5.000       4.500      SLICE_X52Y20   Slow_Clock_0/count_reg[14]/C
High Pulse Width  Slow    FDRE/C   n/a            0.500         5.000       4.500      SLICE_X52Y20   Slow_Clock_0/count_reg[15]/C
High Pulse Width  Slow    FDRE/C   n/a            0.500         5.000       4.500      SLICE_X52Y20   Slow_Clock_0/count_reg[16]/C



