Copyright 1986-2018 Xilinx, Inc. All Rights Reserved.
-------------------------------------------------------------------------------------------
| Tool Version : Vivado v.2018.2 (win64) Build 2258646 Thu Jun 14 20:03:12 MDT 2018
| Date         : Thu Jul 28 12:19:53 2022
| Host         : LAPTOP-I2D93MV6 running 64-bit major release  (build 9200)
| Command      : report_control_sets -verbose -file Nano_Processor_control_sets_placed.rpt
| Design       : Nano_Processor
| Device       : xc7a35t
-------------------------------------------------------------------------------------------

Control Set Information

Table of Contents
-----------------
1. Summary
2. Histogram
3. Flip-Flop Distribution
4. Detailed Control Set Information

1. Summary
----------

+----------------------------------------------------------+-------+
|                          Status                          | Count |
+----------------------------------------------------------+-------+
| Number of unique control sets                            |     6 |
| Unused register locations in slices containing registers |     6 |
+----------------------------------------------------------+-------+


2. Histogram
------------

+--------+--------------+
| Fanout | Control Sets |
+--------+--------------+
|      6 |            2 |
|      8 |            3 |
|    16+ |            1 |
+--------+--------------+


3. Flip-Flop Distribution
-------------------------

+--------------+-----------------------+------------------------+-----------------+--------------+
| Clock Enable | Synchronous Set/Reset | Asynchronous Set/Reset | Total Registers | Total Slices |
+--------------+-----------------------+------------------------+-----------------+--------------+
| No           | No                    | No                     |              12 |            3 |
| No           | No                    | Yes                    |               0 |            0 |
| No           | Yes                   | No                     |              62 |            8 |
| Yes          | No                    | No                     |               0 |            0 |
| Yes          | No                    | Yes                    |               0 |            0 |
| Yes          | Yes                   | No                     |              24 |            7 |
+--------------+-----------------------+------------------------+-----------------+--------------+


4. Detailed Control Set Information
-----------------------------------

+-----------------------+------------------+--------------------------------+------------------+----------------+
|      Clock Signal     |   Enable Signal  |        Set/Reset Signal        | Slice Load Count | Bel Load Count |
+-----------------------+------------------+--------------------------------+------------------+----------------+
|  Slow_Clock_0/clk_out |                  |                                |                1 |              6 |
|  Clk_in_IBUF_BUFG     |                  |                                |                2 |              6 |
|  Slow_Clock_0/clk_out | PC_0/D_FF2/Y0[2] | Res_IBUF                       |                2 |              8 |
|  Slow_Clock_0/clk_out | PC_0/D_FF2/Y0[1] | Res_IBUF                       |                3 |              8 |
|  Slow_Clock_0/clk_out | PC_0/D_FF2/Y0[0] | Res_IBUF                       |                2 |              8 |
|  Clk_in_IBUF_BUFG     |                  | Slow_Clock_0/count[31]_i_1_n_0 |                8 |             62 |
+-----------------------+------------------+--------------------------------+------------------+----------------+


